<?xml version="1.0" encoding="UTF-8"?>
<!-- Generated by org.testng.reporters.JUnitXMLReporter -->
<testsuite ignored="0" hostname="LAPTOP-3V479FCO" failures="0" tests="29" name="Default test" time="74.948" errors="0" timestamp="2023-05-22T12:47:10 IST">
  <testcase classname="com.assessment.PatientMedicalRecord" name="test1" time="3.615"/>
  <testcase classname="com.assessment.PatientMedicalRecord" name="test2" time="0.418"/>
  <testcase classname="com.assessment.PatientMedicalRecord" name="test3" time="2.321"/>
  <testcase classname="com.assessment.PatientMedicalRecord" name="test4" time="0.165"/>
  <testcase classname="com.assessment.PatientMedicalRecord" name="test5" time="5.036"/>
  <testcase classname="com.assessment.PatientMedicalRecord" name="test6" time="1.653"/>
  <testcase classname="com.assessment.PatientMedicalRecord" name="test7" time="0.824"/>
  <testcase classname="com.assessment.PatientMedicalRecord" name="test8" time="5.32"/>
  <testcase classname="com.assessment.PatientMedicalRecord" name="test9" time="0.551"/>
  <testcase classname="com.assessment.PatientMedicalRecord" name="test10" time="16.917"/>
  <testcase classname="com.assessment.PatientMedicalRecord" name="test11" time="0.31"/>
  <testcase classname="com.assessment.PatientMedicalRecord" name="test12" time="1.934"/>
  <testcase classname="com.assessment.PatientMedicalRecord" name="test13" time="1.033"/>
  <testcase classname="com.assessment.PatientMedicalRecord" name="test14" time="0.163"/>
  <testcase classname="com.assessment.PatientMedicalRecord" name="test15" time="0.324"/>
  <testcase classname="com.assessment.PatientMedicalRecord" name="test16" time="7.922"/>
  <testcase classname="com.assessment.PatientMedicalRecord" name="test17" time="0.635"/>
  <testcase classname="com.assessment.PatientMedicalRecord" name="test18" time="0.282"/>
  <testcase classname="com.assessment.PatientMedicalRecord" name="test19" time="6.689"/>
  <testcase classname="com.assessment.PatientMedicalRecord" name="test20" time="0.627"/>
  <testcase classname="com.assessment.PatientMedicalRecord" name="test21" time="0.255"/>
  <testcase classname="com.assessment.PatientMedicalRecord" name="test22" time="3.286"/>
  <testcase classname="com.assessment.PatientMedicalRecord" name="test23" time="2.115"/>
  <testcase classname="com.assessment.PatientMedicalRecord" name="test24" time="1.041"/>
  <testcase classname="com.assessment.PatientMedicalRecord" name="test25" time="0.443"/>
  <testcase classname="com.assessment.PatientMedicalRecord" name="test26" time="0.301"/>
  <testcase classname="com.assessment.PatientMedicalRecord" name="test27" time="0.448"/>
  <testcase classname="com.assessment.PatientMedicalRecord" name="test28" time="0.772"/>
  <testcase classname="com.assessment.PatientMedicalRecord" name="test29" time="4.879"/>
</testsuite> <!-- Default test -->
